2024-02-08- T -15:27:12.984 [http-nio-8080-exec-7] INFO 
					com.jayacha.DbCommon - New Connection is created
2024-02-08- T -15:27:12.989 [http-nio-8080-exec-7] INFO 
					com.jayacha.DbCommon - Database is accessed
2024-02-08- T -15:27:13.000 [http-nio-8080-exec-7] ERROR
					com.jayacha.Validate - SQL Exception is thrown - Illegal operation on empty result set.
2024-02-08- T -15:27:27.218 [http-nio-8080-exec-6] INFO 
					com.jayacha.DbCommon - Database is accessed
2024-02-08- T -15:27:27.238 [http-nio-8080-exec-6] INFO 
					com.jayacha.CreateUser - New Account for Jayachandran P is created
2024-02-08- T -15:27:29.572 [http-nio-8080-exec-9] INFO 
					com.jayacha.DbCommon - Database is accessed
2024-02-08- T -15:27:46.326 [http-nio-8080-exec-1] INFO 
					com.jayacha.DbCommon - Database is accessed
2024-02-08- T -15:27:46.343 [http-nio-8080-exec-1] INFO 
					com.jayacha.CreateUser - New Account for Jayachandran P is created
2024-02-08- T -15:27:50.540 [http-nio-8080-exec-7] INFO 
					com.jayacha.DbCommon - Database is accessed
2024-02-08- T -15:27:59.256 [http-nio-8080-exec-8] INFO 
					com.jayacha.DbCommon - Database is accessed
2024-02-08- T -15:27:59.257 [http-nio-8080-exec-8] INFO 
					com.jayacha.DbCommon - Database is accessed
2024-02-08- T -15:27:59.271 [http-nio-8080-exec-8] INFO 
					com.jayacha.DeleteUser - User with the id - 5 has been deleted
2024-02-08- T -15:27:59.271 [http-nio-8080-exec-8] INFO 
					com.jayacha.Logout - User - 23cy has logged out
2024-02-08- T -15:46:22.368 [http-nio-8080-exec-1] INFO 
					com.jayacha.DbCommon - Database is accessed
2024-02-08- T -15:46:22.384 [http-nio-8080-exec-1] INFO 
					com.jayacha.CreateUser - New Account for Jayachandran P is created
2024-02-08- T -15:46:56.086 [http-nio-8080-exec-4] INFO 
					com.jayacha.DbCommon - New Connection is created
2024-02-08- T -15:46:56.089 [http-nio-8080-exec-4] INFO 
					com.jayacha.DbCommon - Database is accessed
2024-02-08- T -15:46:56.121 [http-nio-8080-exec-4] INFO 
					com.jayacha.CreateUser - New Account for Jayachandran P is created
2024-02-08- T -15:47:37.995 [http-nio-8080-exec-4] INFO 
					com.jayacha.DbCommon - New Connection is created
2024-02-08- T -15:47:37.998 [http-nio-8080-exec-4] INFO 
					com.jayacha.DbCommon - Database is accessed
2024-02-08- T -15:47:38.029 [http-nio-8080-exec-4] INFO 
					com.jayacha.CreateUser - New Account for Jayachandran P is created
2024-02-09- T -11:37:46.237 [http-nio-8080-exec-6] ERROR
					com.jayacha.ValidationFilter - Exception is thrown - Age is not appropriate
2024-02-09- T -13:25:26.700 [http-nio-8080-exec-10] INFO 
					com.jayacha.Resources.DbCommon - New Connection is created
2024-02-09- T -13:25:26.702 [http-nio-8080-exec-10] INFO 
					com.jayacha.Resources.DbCommon - Database is accessed
2024-02-09- T -13:25:26.724 [http-nio-8080-exec-10] INFO 
					com.jayacha.Controller.CreateUser - New Account for Jayachandran P is created
2024-02-09- T -13:25:32.414 [http-nio-8080-exec-2] INFO 
					com.jayacha.Resources.DbCommon - Database is accessed
2024-02-09- T -15:13:48.705 [http-nio-8080-exec-8] INFO 
					com.jayacha.Resources.DbCommon - Database is accessed
2024-02-09- T -15:13:48.707 [http-nio-8080-exec-8] INFO 
					com.jayacha.Filters.Validate - The User Jayacha has logged-in
2024-02-09- T -15:13:49.961 [http-nio-8080-exec-10] INFO 
					com.jayacha.Resources.DbCommon - Database is accessed
2024-02-09- T -15:28:25.985 [http-nio-8080-exec-6] ERROR
					com.jayacha.Filters.ValidationFilter - Exception is thrown - Cannot parse null string
2024-02-09- T -15:28:52.132 [http-nio-8080-exec-8] ERROR
					com.jayacha.Filters.ValidationFilter - Exception is thrown - Cannot parse null string
2024-02-09- T -15:29:34.849 [http-nio-8080-exec-2] ERROR
					com.jayacha.Filters.ValidationFilter - Exception is thrown - Cannot parse null string
2024-02-09- T -15:36:54.546 [http-nio-8080-exec-4] INFO 
					com.jayacha.Resources.DbCommon - New Connection is created
2024-02-09- T -15:36:54.549 [http-nio-8080-exec-4] INFO 
					com.jayacha.Resources.DbCommon - Database is accessed
2024-02-09- T -15:36:54.576 [http-nio-8080-exec-4] INFO 
					com.jayacha.Controller.CreateUser - New Account for Jayachandran P is created
2024-02-09- T -15:36:58.644 [http-nio-8080-exec-5] INFO 
					com.jayacha.Resources.DbCommon - Database is accessed
2024-02-09- T -15:37:10.137 [http-nio-8080-exec-2] INFO 
					com.jayacha.Resources.DbCommon - Database is accessed
2024-02-09- T -15:37:10.152 [http-nio-8080-exec-2] INFO 
					com.jayacha.Controller.UpdateUser - User with the id - 1 has been updated
2024-02-09- T -15:37:12.921 [http-nio-8080-exec-6] INFO 
					com.jayacha.Resources.DbCommon - Database is accessed
2024-02-09- T -15:37:17.873 [http-nio-8080-exec-8] INFO 
					com.jayacha.Resources.DbCommon - Database is accessed
2024-02-09- T -15:37:17.875 [http-nio-8080-exec-8] INFO 
					com.jayacha.Resources.DbCommon - Database is accessed
2024-02-09- T -15:37:17.890 [http-nio-8080-exec-8] INFO 
					com.jayacha.Controller.DeleteUser - User with the id - 1 has been deleted
2024-02-09- T -15:37:17.892 [http-nio-8080-exec-8] INFO 
					com.jayacha.Controller.Logout - User - Jayacha has logged out
2024-02-09- T -15:37:27.728 [http-nio-8080-exec-10] INFO 
					com.jayacha.Resources.DbCommon - Database is accessed
2024-02-09- T -15:37:27.743 [http-nio-8080-exec-10] INFO 
					com.jayacha.Controller.CreateUser - New Account for Jayachandran P is created
2024-02-09- T -15:37:37.832 [http-nio-8080-exec-2] INFO 
					com.jayacha.Resources.DbCommon - Database is accessed
2024-02-09- T -15:37:37.851 [http-nio-8080-exec-2] INFO 
					com.jayacha.Controller.CreateUser - New Account for yeswanth is created
2024-02-09- T -15:37:39.359 [http-nio-8080-exec-4] INFO 
					com.jayacha.Resources.DbCommon - Database is accessed
2024-02-09- T -15:40:24.823 [http-nio-8080-exec-4] INFO 
					com.jayacha.Resources.DbCommon - New Connection is created
2024-02-09- T -15:40:24.826 [http-nio-8080-exec-4] INFO 
					com.jayacha.Resources.DbCommon - Database is accessed
2024-02-09- T -15:40:24.857 [http-nio-8080-exec-4] INFO 
					com.jayacha.Controller.CreateUser - New Account for Jayachandran P is created
2024-02-09- T -15:40:34.047 [http-nio-8080-exec-7] INFO 
					com.jayacha.Resources.DbCommon - Database is accessed
2024-02-09- T -15:40:34.069 [http-nio-8080-exec-7] INFO 
					com.jayacha.Controller.CreateUser - New Account for Jayachandran P is created
2024-02-09- T -15:40:44.522 [http-nio-8080-exec-3] INFO 
					com.jayacha.Resources.DbCommon - Database is accessed
2024-02-09- T -15:40:52.944 [http-nio-8080-exec-6] INFO 
					com.jayacha.Resources.DbCommon - Database is accessed
2024-02-09- T -15:40:52.945 [http-nio-8080-exec-6] INFO 
					com.jayacha.Resources.DbCommon - Database is accessed
2024-02-09- T -15:40:52.959 [http-nio-8080-exec-6] INFO 
					com.jayacha.Controller.DeleteUser - User with the id - 2 has been deleted
2024-02-09- T -15:40:57.125 [http-nio-8080-exec-8] INFO 
					com.jayacha.Resources.DbCommon - Database is accessed
2024-02-09- T -15:40:57.127 [http-nio-8080-exec-8] INFO 
					com.jayacha.Resources.DbCommon - Database is accessed
2024-02-09- T -15:40:57.142 [http-nio-8080-exec-8] INFO 
					com.jayacha.Controller.DeleteUser - User with the id - 1 has been deleted
2024-02-09- T -15:40:57.144 [http-nio-8080-exec-8] INFO 
					com.jayacha.Controller.Logout - User - Jayacha has logged out
