2024-02-05- T -12:27:09.332 [http-nio-8080-exec-1] INFO  com.jayacha.DbCommon - Database is accessed
2024-02-05- T -12:27:09.355 [http-nio-8080-exec-1] INFO  com.jayacha.UpdateUser - User with the id - 3 has been updated
2024-02-05- T -12:27:11.924 [http-nio-8080-exec-2] INFO  com.jayacha.DbCommon - Database is accessed
2024-02-05- T -12:27:23.612 [http-nio-8080-exec-3] INFO  com.jayacha.DbCommon - Database is accessed
2024-02-05- T -12:27:23.633 [http-nio-8080-exec-3] INFO  com.jayacha.DeleteUser - User with the id - 3 has been deleted
2024-02-05- T -12:27:26.203 [http-nio-8080-exec-4] INFO  com.jayacha.DbCommon - Database is accessed
2024-02-05- T -12:28:41.890 [http-nio-8080-exec-8] INFO  com.jayacha.DbCommon - Database is accessed
2024-02-05- T -12:31:02.725 [http-nio-8080-exec-6] INFO  com.jayacha.DbCommon - Database is accessed
2024-02-05- T -12:38:47.007 [http-nio-8080-exec-4] INFO  com.jayacha.DbCommon - Database is accessed
2024-02-05- T -12:38:47.022 [http-nio-8080-exec-4] INFO  com.jayacha.Validate - User - Jayacha has logged in
2024-02-05- T -12:39:08.823 [http-nio-8080-exec-7] INFO  com.jayacha.DbCommon - Database is accessed
2024-02-05- T -12:56:23.113 [http-nio-8080-exec-5] INFO  com.jayacha.DbCommon - Database is accessed
2024-02-05- T -12:56:23.128 [http-nio-8080-exec-5] INFO  com.jayacha.Validate - User - Jayacha has logged in
2024-02-05- T -12:58:14.456 [http-nio-8080-exec-3] INFO  com.jayacha.DbCommon - Database is accessed
2024-02-05- T -12:58:14.471 [http-nio-8080-exec-3] INFO  com.jayacha.Validate - User - Jayacha has logged in
2024-02-05- T -12:58:48.808 [http-nio-8080-exec-3] INFO  com.jayacha.DbCommon - Database is accessed
2024-02-05- T -12:58:48.823 [http-nio-8080-exec-3] INFO  com.jayacha.Validate - User - Jayacha has logged in
2024-02-05- T -13:02:49.352 [http-nio-8080-exec-2] INFO  com.jayacha.DbCommon - Database is accessed
2024-02-05- T -13:02:49.367 [http-nio-8080-exec-2] INFO  com.jayacha.Validate - User - Jayacha has logged in
2024-02-05- T -13:02:52.530 [http-nio-8080-exec-3] INFO  com.jayacha.DbCommon - Database is accessed
2024-02-05- T -13:03:03.246 [http-nio-8080-exec-5] INFO  com.jayacha.Logout - User - Jayacha has logged in
2024-02-05- T -13:03:10.851 [http-nio-8080-exec-6] INFO  com.jayacha.Logout - User - null has logged in
2024-02-05- T -13:04:58.733 [http-nio-8080-exec-7] INFO  com.jayacha.DbCommon - Database is accessed
2024-02-05- T -13:04:58.748 [http-nio-8080-exec-7] INFO  com.jayacha.Validate - User - Jayacha has logged in
2024-02-05- T -13:05:03.404 [http-nio-8080-exec-8] INFO  com.jayacha.Logout - User - Jayacha has logged out
2024-02-05- T -13:09:57.294 [http-nio-8080-exec-3] INFO  com.jayacha.DbCommon - Database is accessed
2024-02-05- T -13:09:57.312 [http-nio-8080-exec-3] INFO  com.jayacha.Validate - User - Jayacha has logged in
2024-02-05- T -13:10:00.825 [http-nio-8080-exec-4] INFO  com.jayacha.DbCommon - Database is accessed
2024-02-05- T -13:10:03.155 [http-nio-8080-exec-6] INFO  com.jayacha.DbCommon - Database is accessed
2024-02-05- T -13:10:08.433 [http-nio-8080-exec-8] INFO  com.jayacha.Logout - User - Jayacha has logged out
2024-02-05- T -13:10:14.134 [http-nio-8080-exec-4] INFO  com.jayacha.Logout - User - null has logged out
2024-02-05- T -13:10:20.300 [http-nio-8080-exec-9] INFO  com.jayacha.Logout - User - null has logged out
2024-02-05- T -13:10:21.429 [http-nio-8080-exec-1] INFO  com.jayacha.Logout - User - null has logged out
2024-02-05- T -13:14:04.868 [http-nio-8080-exec-6] INFO  com.jayacha.DbCommon - New Connection is created
2024-02-05- T -13:14:04.871 [http-nio-8080-exec-6] INFO  com.jayacha.DbCommon - Database is accessed
2024-02-05- T -13:14:04.883 [http-nio-8080-exec-6] INFO  com.jayacha.Validate - User - Jayacha has logged in
2024-02-05- T -13:14:07.322 [http-nio-8080-exec-7] INFO  com.jayacha.DbCommon - Database is accessed
2024-02-05- T -13:14:21.158 [http-nio-8080-exec-9] INFO  com.jayacha.DbCommon - Database is accessed
2024-02-05- T -13:14:21.160 [http-nio-8080-exec-9] INFO  com.jayacha.UpdateUser - User with the id - 4 has been updated
2024-02-05- T -13:14:29.901 [http-nio-8080-exec-1] INFO  com.jayacha.DbCommon - Database is accessed
2024-02-05- T -13:14:29.917 [http-nio-8080-exec-1] INFO  com.jayacha.DeleteUser - User with the id - 4 has been deleted
2024-02-05- T -13:14:45.741 [http-nio-8080-exec-3] INFO  com.jayacha.DbCommon - Database is accessed
2024-02-05- T -13:14:45.763 [http-nio-8080-exec-3] INFO  com.jayacha.CreateUser - New Account for Jayachandran P is created
2024-02-05- T -13:15:01.395 [http-nio-8080-exec-5] INFO  com.jayacha.DbCommon - Database is accessed
2024-02-05- T -13:15:01.396 [http-nio-8080-exec-5] INFO  com.jayacha.Validate - User - qqqw has logged in
2024-02-05- T -13:15:03.052 [http-nio-8080-exec-6] INFO  com.jayacha.Logout - User - qqqw has logged out
2024-02-05- T -13:15:08.372 [http-nio-8080-exec-7] INFO  com.jayacha.DbCommon - Database is accessed
2024-02-05- T -13:15:08.374 [http-nio-8080-exec-7] INFO  com.jayacha.Validate - User - Jayacha has logged in
2024-02-05- T -13:15:09.315 [http-nio-8080-exec-8] INFO  com.jayacha.Logout - User - Jayacha has logged out
2024-02-05- T -13:16:12.737 [http-nio-8080-exec-3] INFO  com.jayacha.DbCommon - Database is accessed
2024-02-05- T -13:16:12.739 [http-nio-8080-exec-3] INFO  com.jayacha.Validate - User - Jayacha has logged in
2024-02-05- T -13:18:30.874 [http-nio-8080-exec-5] INFO  com.jayacha.Logout - User - Jayacha has logged out
2024-02-05- T -13:18:36.193 [http-nio-8080-exec-6] INFO  com.jayacha.DbCommon - Database is accessed
2024-02-05- T -13:18:36.195 [http-nio-8080-exec-6] INFO  com.jayacha.Validate - User - Jayacha has logged in
2024-02-05- T -13:18:44.073 [http-nio-8080-exec-7] INFO  com.jayacha.DbCommon - Database is accessed
2024-02-05- T -13:18:52.561 [http-nio-8080-exec-10] INFO  com.jayacha.DbCommon - Database is accessed
2024-02-05- T -13:18:52.563 [http-nio-8080-exec-10] INFO  com.jayacha.Validate - User - qqqw has logged in
2024-02-05- T -13:18:55.737 [http-nio-8080-exec-1] INFO  com.jayacha.Logout - User - qqqw has logged out
2024-02-05- T -13:19:47.903 [http-nio-8080-exec-5] INFO  com.jayacha.DbCommon - Database is accessed
2024-02-05- T -13:19:47.904 [http-nio-8080-exec-5] INFO  com.jayacha.Validate - User - Jayacha has logged in
2024-02-05- T -13:20:00.031 [http-nio-8080-exec-6] INFO  com.jayacha.Logout - User - Jayacha has logged out
2024-02-05- T -13:20:05.430 [http-nio-8080-exec-7] INFO  com.jayacha.DbCommon - Database is accessed
2024-02-05- T -13:20:05.432 [http-nio-8080-exec-7] INFO  com.jayacha.Validate - User - Jayacha has logged in
2024-02-05- T -13:20:18.837 [http-nio-8080-exec-1] INFO  com.jayacha.Logout - User - Jayacha has logged out
2024-02-05- T -13:20:29.886 [http-nio-8080-exec-6] INFO  com.jayacha.Logout - User - null has logged out
2024-02-05- T -15:39:23.059 [http-nio-8080-exec-7] INFO  com.jayacha.DbCommon - New Connection is created
2024-02-05- T -15:39:23.062 [http-nio-8080-exec-7] INFO  com.jayacha.DbCommon - Database is accessed
2024-02-05- T -15:39:23.074 [http-nio-8080-exec-7] INFO  com.jayacha.Validate - User - Jayacha has logged in
2024-02-05- T -15:39:25.236 [http-nio-8080-exec-9] INFO  com.jayacha.Logout - User - Jayacha has logged out
2024-02-05- T -15:39:40.108 [http-nio-8080-exec-8] INFO  com.jayacha.DbCommon - Database is accessed
2024-02-05- T -15:39:40.109 [http-nio-8080-exec-8] INFO  com.jayacha.Validate - User - Jayacha has logged in
2024-02-05- T -15:39:42.422 [http-nio-8080-exec-10] INFO  com.jayacha.DbCommon - Database is accessed
2024-02-05- T -15:40:08.339 [http-nio-8080-exec-3] INFO  com.jayacha.DbCommon - Database is accessed
2024-02-05- T -15:40:08.340 [http-nio-8080-exec-3] INFO  com.jayacha.Validate - User - Jayacha has logged in
2024-02-05- T -15:40:09.628 [http-nio-8080-exec-4] INFO  com.jayacha.DbCommon - Database is accessed
2024-02-05- T -15:40:13.491 [http-nio-8080-exec-5] INFO  com.jayacha.DbCommon - Database is accessed
2024-02-05- T -15:40:23.121 [http-nio-8080-exec-7] INFO  com.jayacha.DbCommon - Database is accessed
2024-02-05- T -15:41:25.323 [http-nio-8080-exec-2] INFO  com.jayacha.DbCommon - Database is accessed
2024-02-05- T -15:41:32.586 [http-nio-8080-exec-4] INFO  com.jayacha.DbCommon - Database is accessed
2024-02-05- T -15:41:44.258 [http-nio-8080-exec-7] INFO  com.jayacha.DbCommon - Database is accessed
2024-02-05- T -15:42:01.921 [http-nio-8080-exec-8] INFO  com.jayacha.DbCommon - Database is accessed
2024-02-05- T -15:42:45.460 [http-nio-8080-exec-2] INFO  com.jayacha.DbCommon - Database is accessed
2024-02-05- T -15:42:53.768 [http-nio-8080-exec-6] INFO  com.jayacha.Logout - User - Jayacha has logged out
2024-02-05- T -15:43:34.658 [http-nio-8080-exec-8] INFO  com.jayacha.DbCommon - Database is accessed
2024-02-05- T -15:43:34.659 [http-nio-8080-exec-8] INFO  com.jayacha.Validate - User - Jayacha has logged in
2024-02-05- T -15:45:32.686 [http-nio-8080-exec-2] INFO  com.jayacha.DbCommon - Database is accessed
2024-02-05- T -15:45:32.687 [http-nio-8080-exec-2] INFO  com.jayacha.Validate - User - Jayacha has logged in
2024-02-05- T -15:45:40.773 [http-nio-8080-exec-3] INFO  com.jayacha.DbCommon - Database is accessed
2024-02-05- T -15:46:25.075 [http-nio-8080-exec-5] INFO  com.jayacha.DbCommon - Database is accessed
2024-02-05- T -15:46:41.724 [http-nio-8080-exec-7] INFO  com.jayacha.DbCommon - Database is accessed
2024-02-05- T -15:46:48.346 [http-nio-8080-exec-8] INFO  com.jayacha.DbCommon - Database is accessed
2024-02-05- T -15:46:52.748 [http-nio-8080-exec-10] INFO  com.jayacha.DbCommon - Database is accessed
2024-02-05- T -15:46:52.750 [http-nio-8080-exec-10] INFO  com.jayacha.Validate - User - Jayacha has logged in
2024-02-05- T -15:49:28.714 [http-nio-8080-exec-2] INFO  com.jayacha.Logout - User - Jayacha has logged out
2024-02-05- T -15:53:39.493 [http-nio-8080-exec-9] INFO  com.jayacha.DbCommon - Database is accessed
2024-02-05- T -15:53:39.494 [http-nio-8080-exec-9] INFO  com.jayacha.Validate - User - Jayacha has logged in
2024-02-05- T -15:53:41.387 [http-nio-8080-exec-8] INFO  com.jayacha.DbCommon - Database is accessed
2024-02-05- T -15:54:02.177 [http-nio-8080-exec-4] INFO  com.jayacha.Logout - User - Jayacha has logged out
